<?xml version="1.0" encoding="UTF-8"?>
<testsuite xmlns:xsi="http://www.w3.org/2001/XMLSchema-instance" xsi:noNamespaceSchemaLocation="https://maven.apache.org/surefire/maven-surefire-plugin/xsd/surefire-test-report.xsd" name="Sureify.WebTestAutomationOutline.AppTest" time="0.414" tests="1" errors="0" skipped="0" failures="1">
  <properties>
[...]
</properties>
  <testcase name="checkTest on checkTest(Sureify.WebTestAutomationOutline.AppTest)" classname="Sureify.WebTestAutomationOutline.AppTest" time="0.009">
    <failure type="java.lang.NullPointerException">java.lang.NullPointerException
	at Sureify.WebTestAutomationOutline.AppTest.checkTest(AppTest.java:35)
</failure>
    <system-out><![CDATA[/home/madhubabu/Desktop/WorkBase/TestDev/Jbase/WebTestAutomationOutline
Check point 1
]]></system-out>
  </testcase>
</testsuite>